<?xml version="1.0" encoding="UTF-8"?>
<testng-results ignored="0" total="1" passed="1" failed="0" skipped="0">
  <reporter-output>
  </reporter-output>
  <suite started-at="2023-09-16T16:57:21 IST" name="Suite" finished-at="2023-09-16T16:57:42 IST" duration-ms="21668">
    <groups>
    </groups>
    <test started-at="2023-09-16T16:57:21 IST" name="Test" finished-at="2023-09-16T16:57:42 IST" duration-ms="21668">
      <class name="TestCases.TC_01_LoginTest">
        <test-method is-config="true" signature="setUp()[pri:0, instance:TestCases.TC_01_LoginTest@31fa1761]" started-at="2023-09-16T16:57:21 IST" name="setUp" finished-at="2023-09-16T16:57:26 IST" duration-ms="5703" status="PASS">
          <reporter-output>
          </reporter-output>
        </test-method> <!-- setUp -->
        <test-method signature="loginTest()[pri:0, instance:TestCases.TC_01_LoginTest@31fa1761]" started-at="2023-09-16T16:57:27 IST" name="loginTest" finished-at="2023-09-16T16:57:41 IST" duration-ms="14866" status="PASS">
          <reporter-output>
          </reporter-output>
        </test-method> <!-- loginTest -->
        <test-method is-config="true" signature="tearUp()[pri:0, instance:TestCases.TC_01_LoginTest@31fa1761]" started-at="2023-09-16T16:57:41 IST" name="tearUp" finished-at="2023-09-16T16:57:42 IST" duration-ms="1006" status="PASS">
          <reporter-output>
          </reporter-output>
        </test-method> <!-- tearUp -->
      </class> <!-- TestCases.TC_01_LoginTest -->
    </test> <!-- Test -->
  </suite> <!-- Suite -->
</testng-results>
